Downloading 
File good






File good
0
0
0
GOOD_________________________
GOOD_________________________

File available. Downloading



File available. Downloading
Mon  2 Nov 13:43:40 EST 2020


File available. Downloading
Mon  2 Nov 13:43:52 EST 2020


File available. Downloading
Mon  2 Nov 13:43:54 EST 2020


File available. Downloading
Tue 10 Nov 02:43:01 EST 2020


File available. Downloading
Wed 11 Nov 02:43:02 EST 2020


File available. Downloading
Mon  7 Dec 02:43:01 EST 2020


File available. Downloading
Fri 11 Dec 02:43:02 EST 2020


File available. Downloading
Tue 15 Dec 02:43:01 EST 2020


File available. Downloading
Wed 16 Dec 02:43:02 EST 2020


File available. Downloading
Thu 17 Dec 02:43:01 EST 2020


File available. Downloading
Fri 18 Dec 02:43:02 EST 2020

Nasdaq Shortsell restriction list not found on site:
https://www.nasdaqtrader.com/dynamic/symdir/shorthalts/shorthalts20201222.txt

File available. Downloading
Wed 23 Dec 02:43:02 EST 2020


File available. Downloading
Thu 24 Dec 02:43:01 EST 2020

Nasdaq Shortsell restriction list not found on site:
https://www.nasdaqtrader.com/dynamic/symdir/shorthalts/shorthalts20201231.txt
Nasdaq Shortsell restriction list not found on site:
https://www.nasdaqtrader.com/dynamic/symdir/shorthalts/shorthalts20210118.txt
Nasdaq Shortsell restriction list not found on site:
https://www.nasdaqtrader.com/dynamic/symdir/shorthalts/shorthalts20210120.txt
Nasdaq Shortsell restriction list not found on site:
https://www.nasdaqtrader.com/dynamic/symdir/shorthalts/shorthalts20210203.txt
