8=FIX.4.09=005335=049=GOLD56=CARLYLE334=26852=20060609-13:16:1210=078
572 20/06/09 09:17:12:053 Received FIX message
Message dump: 
8=FIX.4.09=005335=049=GOLD56=CARLYLE334=26952=20060609-13:17:1210=080
573 20/06/09 09:17:12:061 Sent FIX Message
Message dump: 
8=FIX.4.09=006235=049=CARLYLE356=GOLD57=ADMIN34=30352=20060609-13:17:1210=088
574 20/06/09 09:17:37:558 Sent FIX Message
Message dump: 
8=FIX.4.09=022635=D49=CARLYLE356=GOLD34=30452=20060609-13:17:37115=LSCLAFX116=HNORTON128=GOLD11=127954013921=1100=O55=EFII48=28608210222=1106=ELECTRONICS FOR IMAGING107=ELECTRONICS FOR IMAGING54=238=5002540=115=USD59=010=185
575 20/06/09 09:17:37:785 Received FIX message
Message dump: 
8=FIX.4.09=013635=D49=GOLD56=CARLYLE350=BDBH34=27052=20060609-13:17:37128=OPCOWR11=127954013915=USD21=138=5002540=154=255=EFII59=0100=O10=230
576 20/06/09 09:17:41:255 Received FIX message
Message dump: 
8=FIX.4.09=026135=849=GOLD56=CARLYLE350=RGILL34=27152=20060609-13:17:41128=LSCLAFX129=HNORTON6=0.000011=127954013914=015=USD17=349041318=122=131=0.0000032=037=27468138=5002539=040=148=28608210254=255=EFII59=060=20060609-13:17:4063=075=2006060920=010=168
577 20/06/09 09:17:41:352 Received FIX message
Message dump: 
8=FIX.4.09=030135=849=GOLD56=CARLYLE350=BDBH34=27252=20060609-13:17:41128=OPCOWR1=X9300015066=0.0000000011=127954013914=015=USD17=349041318=131=0.0000000032=037=27468138=5002539=040=147=A54=255=EFII59=060=20060609-13:17:4063=064=2006061475=20060609109=LOOMISSAYL20=09002=GOLD-349041310=222
578 20/06/09 09:18:37:107 Sent FIX Message
Message dump: 
8=FIX.4.09=006235=049=CARLYLE356=GOLD57=ADMIN34=30552=20060609-13:18:3710=098
579 20/06/09 09:18:39:523 Received FIX message
Message dump: 
8=FIX.4.09=015335=D49=GOLD56=CARLYLE350=BDBH34=27352=20060609-13:18:39128=OPCOWR11=NZKMZ4315=USD21=138=2500040=244=10.2500000047=A54=155=HGSI59=0100=O10=146
580 20/06/09 09:18:45:387 Received FIX message
Message dump: 
8=FIX.4.09=030435=849=GOLD56=CARLYLE350=BDBH34=27452=20060609-13:18:45128=OPCOWR1=X9300015066=0.0000000011=NZKMZ4314=015=USD17=349041418=131=0.0000000032=037=27468238=2500039=040=244=10.2500000047=A54=155=HGSI59=060=20060609-13:18:4463=064=2006061475=20060609109=SACCAP20=09002= -349041410=181
581 20/06/09 09:18:50:664 Received FIX message
Message dump: 
8=FIX.4.09=020535=D49=GOLD56=CARLYLE350=GDEVITO57=LAFXCH634=27552=20060609-13:18:50128=OPCPBPBK1=X93000150611=274683-018=121=338=5000040=244=14.0000047=A54=255=AEL59=063=064=20060614100=N109=GOLD10=218
582 20/06/09 09:18:50:761 Sent FIX Message
Message dump: 
8=FIX.4.09=026535=849=CARLYLE356=GOLD50=LAFXCH657=GDEVITO34=30652=20060609-13:18:50115=OPCPBPBK128=GOLD129=GDEVITO1=X9300015066=0.000011=274683-014=017=625175031=0.000032=037=OBPOPE238=5000039=040=244=14.000054=255=AEL59=060=20060609-13:18:5063=020=010=249
583 20/06/09 09:18:55:041 Received FIX message
Message dump: 
8=FIX.4.09=019335=D49=GOLD56=CARLYLE350=GDEVITO34=27652=20060609-13:18:55128=GPSECFLR1=X93000150611=274684-018=121=338=5000040=244=3.3000047=A54=155=BUF59=063=064=20060614100=A109=GOLD10=010
584 20/06/09 09:19:01:189 Received FIX message
Message dump: 
8=FIX.4.09=019935=D49=GOLD56=CARLYLE350=BLUMSP34=27752=20060609-13:19:01128=OPCORC1=X93000150611=JSC00072006060918=121=338=2500040=244=10.2500047=A54=155=HGSI59=063=064=20060614100=O109=SACCAP10=096
585 20/06/09 09:19:01:426 Sent FIX Message
Message dump: 
8=FIX.4.09=024735=849=CARLYLE356=GOLD57=BLUMSP34=30752=20060609-13:19:01115=OPCORC128=GOLD129=BLUMSP37=255900015811=JSC00072006060917=32920=039=055=HGSI48=44490310822=154=138=2500040=244=10.2559=032=031=0.014=06=0.058=JSC00072006060910=200
586 20/06/09 09:19:03:027 Received FIX message
Message dump: 
8=FIX.4.09=020235=D49=GOLD56=CARLYLE350=RGILL34=27852=20060609-13:19:03128=OPCORC1=X93000150611=STA00062006060918=121=338=1002540=244=21.7000047=A54=255=EFII59=063=064=20060614100=O109=LOOMISSAYL10=089
587 20/06/09 09:19:03:256 Sent FIX Message
Message dump: 
8=FIX.4.09=024435=849=CARLYLE356=GOLD57=RGILL34=30852=20060609-13:19:03115=OPCORC128=GOLD129=RGILL37=255900015911=STA00062006060917=33020=039=055=EFII48=28608210222=154=238=1002540=244=21.759=032=031=0.014=06=0.058=STA00062006060910=223
588 20/06/09 09:19:04:344 Sent FIX Message
Message dump: 
8=FIX.4.09=022235=849=CARLYLE356=GOLD57=GDEVITO34=30952=20060609-13:19:04115=GPSECFLR116=AMEXSB32128=GOLD129=GDEVITO6=0.000011=274684-014=017=909638431=0.000032=037=3743838=5000039=054=155=BUF63=064=2006061420=010=107
589 20/06/09 09:20:03:096 Received FIX message
Message dump: 
8=FIX.4.09=005335=049=GOLD56=CARLYLE334=27952=20060609-13:20:0310=075
590 20/06/09 09:20:04:089 Sent FIX Message
Message dump: 
8=FIX.4.09=006235=049=CARLYLE356=GOLD57=ADMIN34=31052=20060609-13:20:0410=081
591 20/06/09 09:21:03:036 Received FIX message
Message dump: 
8=FIX.4.09=005335=049=GOLD56=CARLYLE334=28052=20060609-13:21:0310=068
592 20/06/09 09:21:04:038 Sent FIX Message
Message dump: 
8=FIX.4.09=006235=049=CARLYLE356=GOLD57=ADMIN34=31152=20060609-13:21:0410=083
593 20/06/09 09:21:21:689 Received FIX message
Message dump: 
8=FIX.4.09=019535=D49=GOLD56=CARLYLE350=BDBH34=28152=20060609-13:21:21128=OPCOWR1=X93000150611=274685-015=USD18=121=338=140=244=4.0000000047=A54=155=F59=063=064=20060614100=0109=ANYCLIENT10=032
594 20/06/09 09:21:21:930 Received FIX message
Message dump: 
8=FIX.4.09=030035=849=GOLD56=CARLYLE350=BDBH34=28252=20060609-13:21:21128=OPCOWR1=X9300015066=0.0000000011=274685-014=015=USD17=349042331=0.0000000032=037=27468538=139=040=244=4.0000000047=A54=155=F59=060=20060609-13:21:2063=064=2006061475=20060609109=ANYCLIENT20=09002=GOLD-349042310=019
595 20/06/09 09:21:22:292 Received FIX message
Message dump: 
8=FIX.4.09=019835=D49=GOLD56=CARLYLE350=REPACI57=LAFXCH634=28352=20060609-13:21:22128=OPCOSUNCS1=X93000150611=274686-018=121=338=140=244=4.0000047=A54=155=F59=063=064=20060614100=N109=GOLD10=108
596 20/06/09 09:21:22:387 Sent FIX Message
Message dump: 
8=FIX.4.09=025735=849=CARLYLE356=GOLD50=LAFXCH657=REPACI34=31252=20060609-13:21:22115=OPCOSUNCS128=GOLD129=REPACI1=X9300015066=0.000011=274686-014=017=625175731=0.000032=037=OFTJRP138=139=040=244=4.000054=155=F59=060=20060609-13:21:2263=020=010=048
597 20/06/09 09:21:59:679 Received FIX message
Message dump: 
8=FIX.4.09=019735=D49=GOLD56=CARLYLE350=BDBH34=28452=20060609-13:21:59128=OPCOWR1=X93000150611=274687-015=USD18=121=338=10040=244=1.0000000047=A54=155=F59=063=064=20060614100=0109=ANYCLIENT10=143
598 20/06/09 09:21:59:887 Received FIX message
Message dump: 
8=FIX.4.09=030235=849=GOLD56=CARLYLE350=BDBH34=28552=20060609-13:21:59128=OPCOWR1=X9300015066=0.0000000011=274687-014=015=USD17=349042631=0.0000000032=037=27468738=10039=040=244=1.0000000047=A54=155=F59=060=20060609-13:21:5863=064=2006061475=20060609109=ANYCLIENT20=09002=GOLD-349042610=149
599 20/06/09 09:22:00:077 Received FIX message
Message dump: 
8=FIX.4.09=020035=D49=GOLD56=CARLYLE350=REPACI57=LAFXCH634=28652=20060609-13:22:00128=OPCOSUNCS1=X93000150611=274688-018=121=338=10040=244=1.0000047=A54=155=F59=063=064=20060614100=N109=GOLD10=187
600 20/06/09 09:22:00:177 Sent FIX Message
Message dump: 
8=FIX.4.09=025935=849=CARLYLE356=GOLD50=LAFXCH657=REPACI34=31352=20060609-13:22:00115=OPCOSUNCS128=GOLD129=REPACI1=X9300015066=0.000011=274688-014=017=625176131=0.000032=037=OFTJRP238=10039=040=244=1.000054=155=F59=060=20060609-13:22:0063=020=010=136
601 20/06/09 09:22:09:555 Received FIX message
Message dump: 
8=FIX.4.09=011935=F49=GOLD56=CARLYLE350=BDBH34=28752=20060609-13:22:09128=OPCOWR41=274687-011=274687-1125=F55=F54=138=10010=111
602 20/06/09 09:22:11:558 Received FIX message
Message dump: 
8=FIX.4.09=014635=F49=GOLD56=CARLYLE350=REPACI57=LAFXCH634=28852=20060609-13:22:11128=OPCOSUNCS41=274688-011=274688-1125=F109=GOLD55=F54=138=10010=049
603 20/06/09 09:22:13:459 Sent FIX Message
Message dump: 
8=FIX.4.09=026935=849=CARLYLE356=GOLD50=LAFXCH657=REPACI34=31452=20060609-13:22:13115=OPCOSUNCS128=GOLD129=REPACI1=X9300015066=0.000011=274688-114=017=625176331=0.000032=037=OFTJRP238=10039=440=244=1.000054=155=F58=UR OUT59=060=20060609-13:22:0063=020=010=255
604 20/06/09 09:22:14:098 Received FIX message
Message dump: 
8=FIX.4.09=029735=849=GOLD56=CARLYLE350=BDBH34=28952=20060609-13:22:14128=OPCOWR1=X9300015066=0.0000000011=274687-114=015=USD17=349043031=0.0000000032=037=27468738=10039=440=244=1.0000000047=A54=155=F60=20060609-13:22:1363=064=2006061475=20060609109=ANYCLIENT20=09002=GOLD-349043010=181
605 20/06/09 09:22:19:274 Received FIX message
Message dump: 
8=FIX.4.09=011735=F49=GOLD56=CARLYLE350=BDBH34=29052=20060609-13:22:19128=OPCOWR41=274685-011=274685-1125=F55=F54=138=110=004
606 20/06/09 09:22:21:887 Received FIX message
Message dump: 
8=FIX.4.09=014435=F49=GOLD56=CARLYLE350=REPACI57=LAFXCH634=29152=20060609-13:22:21128=OPCOSUNCS41=274686-011=274686-1125=F109=GOLD55=F54=138=110=198
607 20/06/09 09:22:22:689 Sent FIX Message
Message dump: 
8=FIX.4.09=026735=849=CARLYLE356=GOLD50=LAFXCH657=REPACI34=31552=20060609-13:22:22115=OPCOSUNCS128=GOLD129=REPACI1=X9300015066=0.000011=274686-114=017=625176431=0.000032=037=OFTJRP138=139=440=244=4.000054=155=F58=UR OUT59=060=20060609-13:22:0063=020=010=159
608 20/06/09 09:22:23:037 Received FIX message
Message dump: 
8=FIX.4.09=029535=849=GOLD56=CARLYLE350=BDBH34=29252=20060609-13:22:23128=OPCOWR1=X9300015066=0.0000000011=274685-114=015=USD17=349043231=0.0000000032=037=27468538=139=440=244=4.0000000047=A54=155=F60=20060609-13:22:2163=064=2006061475=20060609109=ANYCLIENT20=09002=GOLD-349043210=079
609 20/06/09 09:22:55:797 Sent FIX Message
Message dump: 
8=FIX.4.09=014035=D49=CARLYLE356=GOLD34=31652=20060609-13:22:55115=DAWSLAFX128=GOLD21=355=PYX54=138=480040=244=10.959=011=DAWS20060609000410=072
610 20/06/09 09:22:56:000 Received FIX message
Message dump: 
8=FIX.4.09=014935=D49=GOLD56=CARLYLE350=BDBH34=29352=20060609-13:22:55128=OPCOWR11=DAWS20060609000415=USD21=338=480040=244=10.9000000054=155=PYX59=010=194
611 20/06/09 09:22:59:166 Received FIX message
Message dump: 
8=FIX.4.09=025135=849=GOLD56=CARLYLE350=STASHMAN34=29452=20060609-13:22:59128=DAWSLAFX6=0.000011=DAWS20060609000414=015=USD17=349043318=131=0.0000032=037=27468938=480039=040=244=10.9000054=155=PYX59=060=20060609-13:22:5863=075=2006060920=010=009
612 20/06/09 09:22:59:265 Received FIX message
Message dump: 
8=FIX.4.09=031435=849=GOLD56=CARLYLE350=BDBH34=29552=20060609-13:22:59128=OPCOWR1=X9300015066=0.0000000011=DAWS20060609000414=015=USD17=349043318=131=0.0000000032=037=27468938=480039=040=244=10.9000000047=A54=155=PYX59=060=20060609-13:22:5863=064=2006061475=20060609109=DSCM20=09002=GOLD-349043310=011
613 20/06/09 09:23:04:317 Received FIX message
Message dump: 
8=FIX.4.09=018135=D49=GOLD56=CARLYLE350=BDBH34=29652=20060609-13:23:04128=OPCOWR1=X93000150611=274690-015=USD18=121=338=300040=147=A54=155=KONA59=063=064=20060614100=0109=RCM10=071
614 20/06/09 09:23:04:647 Received FIX message
Message dump: 
8=FIX.4.09=028635=849=GOLD56=CARLYLE350=BDBH34=29752=20060609-13:23:04128=OPCOWR1=X9300015066=0.0000000011=274690-014=015=USD17=349043431=0.0000000032=037=27469038=300039=040=147=A54=155=KONA59=060=20060609-13:23:0363=064=2006061475=20060609109=RCM20=09002=GOLD-349043410=079
615 20/06/09 09:23:05:057 Received FIX message
Message dump: 
8=FIX.4.09=018535=D49=GOLD56=CARLYLE350=DHARABDA34=29852=20060609-13:23:05128=OPCORC1=X93000150611=BLA00022006060918=121=338=300040=147=A54=155=KONA59=063=064=20060614100=O109=RCM10=111
616 20/06/09 09:23:05:308 Sent FIX Message
Message dump: 
8=FIX.4.09=024835=849=CARLYLE356=GOLD57=DHARABDA34=31752=20060609-13:23:05115=OPCORC128=GOLD129=DHARABDA37=255900017911=BLA00022006060917=33920=039=055=KONA48=50047H20122=154=138=300040=144=0.059=032=031=0.014=06=0.058=BLA00022006060910=180
617 20/06/09 09:23:12:303 Received FIX message
Message dump: 
8=FIX.4.09=017835=D49=GOLD56=CARLYLE350=KOLSKY57=DOTCMSR434=29952=20060609-13:23:121=X93710100211=274691-021=338=50040=147=Q54=155=TWI59=063=064=20060614107=~FAH-1109=GOLD10=255
618 20/06/09 09:23:12:405 Sent FIX Message
Message dump: 
8=FIX.4.09=021735=849=CARLYLE356=GOLD50=DOTCMSR457=KOLSKY34=31852=20060609-13:23:121=X9371010026=0.000011=274691-014=017=2005697231=0.000032=037=FHAFAH138=50039=040=154=155=TWI59=060=20060609-13:23:1263=020=010=050
619 20/06/09 09:23:23:379 Received FIX message
Message dump: 
8=FIX.4.09=017335=G49=GOLD56=CARLYLE350=KOLSKY57=DOTCMSR434=30052=20060609-13:23:2311=274691-121=338=100040=141=274691-054=155=TWI59=063=064=20060614107=~FAH-3109=GOLD10=210
620 20/06/09 09:23:24:029 Sent FIX Message
Message dump: 
8=FIX.4.09=022835=849=CARLYLE356=GOLD50=DOTCMSR457=KOLSKY34=31952=20060609-13:23:241=X9371010026=0.000011=274691-114=017=2005697431=0.000032=037=FHAFAH138=100039=540=154=155=TWI58=UR OUT59=060=20060609-13:23:0063=020=010=211
621 20/06/09 09:23:31:496 Received FIX message
Message dump: 
8=FIX.4.09=020635=D49=GOLD56=CARLYLE350=STASHMAN57=LAFXCH634=30152=20060609-13:23:31128=OPCOWJBWR1=X93000150611=274692-018=121=338=480040=244=10.9000047=A54=155=PYX59=063=064=20060614100=N109=GOLD10=143
622 20/06/09 09:23:31:612 Sent FIX Message
Message dump: 
8=FIX.4.09=026735=849=CARLYLE356=GOLD50=LAFXCH657=STASHMAN34=32052=20060609-13:23:31115=OPCOWJBWR128=GOLD129=STASHMAN1=X9300015066=0.000011=274692-014=017=625177031=0.000032=037=OFTWJB238=480039=040=244=10.900054=155=PYX59=060=20060609-13:23:3163=020=010=006
623 20/06/09 09:24:31:089 Sent FIX Message
Message dump: 
8=FIX.4.09=006235=049=CARLYLE356=GOLD57=ADMIN34=32152=20060609-13:24:3110=087
624 20/06/09 09:24:31:090 Received FIX message
Message dump: 
8=FIX.4.09=005335=049=GOLD56=CARLYLE334=30252=20060609-13:24:3110=067
625 20/06/09 09:24:35:010 Received FIX message
Message dump: 
8=FIX.4.09=015335=D49=GOLD56=CARLYLE350=BDBH34=30352=20060609-13:24:35128=OPCOWR11=200606091215=USD21=238=500040=244=71.2500000047=A54=155=CYN59=063=010=204
626 20/06/09 09:24:38:037 Received FIX message
